Performing C SOURCE FILE Test CMAKE_HAVE_LIBC_PTHREAD failed with the following output:
Change Dir: /home/alpha1/fire_work/build/CMakeFiles/CMakeTmp

Run Build Command(s):/usr/bin/make -f Makefile cmTC_34e2e/fast && /usr/bin/make  -f CMakeFiles/cmTC_34e2e.dir/build.make CMakeFiles/cmTC_34e2e.dir/build
make[1]: Entering directory '/home/alpha1/fire_work/build/CMakeFiles/CMakeTmp'
Building C object CMakeFiles/cmTC_34e2e.dir/src.c.o
/usr/bin/cc -DCMAKE_HAVE_LIBC_PTHREAD   -o CMakeFiles/cmTC_34e2e.dir/src.c.o -c /home/alpha1/fire_work/build/CMakeFiles/CMakeTmp/src.c
Linking C executable cmTC_34e2e
/usr/local/bin/cmake -E cmake_link_script CMakeFiles/cmTC_34e2e.dir/link.txt --verbose=1
/usr/bin/cc -rdynamic CMakeFiles/cmTC_34e2e.dir/src.c.o -o cmTC_34e2e 
CMakeFiles/cmTC_34e2e.dir/src.c.o: In function `main':
src.c:(.text+0x3c): undefined reference to `pthread_create'
src.c:(.text+0x48): undefined reference to `pthread_detach'
src.c:(.text+0x54): undefined reference to `pthread_cancel'
src.c:(.text+0x65): undefined reference to `pthread_join'
src.c:(.text+0x79): undefined reference to `pthread_atfork'
collect2: error: ld returned 1 exit status
CMakeFiles/cmTC_34e2e.dir/build.make:98: recipe for target 'cmTC_34e2e' failed
make[1]: *** [cmTC_34e2e] Error 1
make[1]: Leaving directory '/home/alpha1/fire_work/build/CMakeFiles/CMakeTmp'
Makefile:127: recipe for target 'cmTC_34e2e/fast' failed
make: *** [cmTC_34e2e/fast] Error 2


Source file was:
#include <pthread.h>

static void* test_func(void* data)
{
  return data;
}

int main(void)
{
  pthread_t thread;
  pthread_create(&thread, NULL, test_func, NULL);
  pthread_detach(thread);
  pthread_cancel(thread);
  pthread_join(thread, NULL);
  pthread_atfork(NULL, NULL, NULL);
  pthread_exit(NULL);

  return 0;
}

Determining if the function pthread_create exists in the pthreads failed with the following output:
Change Dir: /home/alpha1/fire_work/build/CMakeFiles/CMakeTmp

Run Build Command(s):/usr/bin/make -f Makefile cmTC_77fb5/fast && /usr/bin/make  -f CMakeFiles/cmTC_77fb5.dir/build.make CMakeFiles/cmTC_77fb5.dir/build
make[1]: Entering directory '/home/alpha1/fire_work/build/CMakeFiles/CMakeTmp'
Building C object CMakeFiles/cmTC_77fb5.dir/CheckFunctionExists.c.o
/usr/bin/cc   -DCHECK_FUNCTION_EXISTS=pthread_create -o CMakeFiles/cmTC_77fb5.dir/CheckFunctionExists.c.o -c /usr/local/share/cmake-3.20/Modules/CheckFunctionExists.c
Linking C executable cmTC_77fb5
/usr/local/bin/cmake -E cmake_link_script CMakeFiles/cmTC_77fb5.dir/link.txt --verbose=1
/usr/bin/cc  -DCHECK_FUNCTION_EXISTS=pthread_create -rdynamic CMakeFiles/cmTC_77fb5.dir/CheckFunctionExists.c.o -o cmTC_77fb5  -lpthreads 
/usr/bin/x86_64-linux-gnu-ld: cannot find -lpthreads
collect2: error: ld returned 1 exit status
CMakeFiles/cmTC_77fb5.dir/build.make:98: recipe for target 'cmTC_77fb5' failed
make[1]: *** [cmTC_77fb5] Error 1
make[1]: Leaving directory '/home/alpha1/fire_work/build/CMakeFiles/CMakeTmp'
Makefile:127: recipe for target 'cmTC_77fb5/fast' failed
make: *** [cmTC_77fb5/fast] Error 2



